<?xml version="1.0" encoding="UTF-8"?>
<testng-results ignored="0" total="1" passed="1" failed="0" skipped="0">
  <reporter-output>
  </reporter-output>
  <suite started-at="2022-12-31T16:07:05 BDT" name="Default suite" finished-at="2022-12-31T16:07:29 BDT" duration-ms="24002">
    <groups>
    </groups>
    <test started-at="2022-12-31T16:07:05 BDT" name="Default test" finished-at="2022-12-31T16:07:29 BDT" duration-ms="24002">
      <class name="tests.TestCase">
        <test-method is-config="true" signature="start()[pri:0, instance:tests.TestCase@4c060c8f]" started-at="2022-12-31T16:07:06 BDT" name="start" finished-at="2022-12-31T16:07:10 BDT" duration-ms="4953" status="PASS">
          <reporter-output>
          </reporter-output>
        </test-method> <!-- start -->
        <test-method signature="Test()[pri:0, instance:tests.TestCase@4c060c8f]" started-at="2022-12-31T16:07:10 BDT" name="Test" finished-at="2022-12-31T16:07:29 BDT" duration-ms="18971" status="PASS">
          <reporter-output>
          </reporter-output>
        </test-method> <!-- Test -->
      </class> <!-- tests.TestCase -->
    </test> <!-- Default test -->
  </suite> <!-- Default suite -->
</testng-results>
